[Message:   BepInEx] BepInEx 5.4.22.0 - Lethal Company (11/28/2023 10:32:25 PM)
[Info   :   BepInEx] Running under Unity v2022.3.9.15351836
[Info   :   BepInEx] CLR runtime version: 4.0.30319.42000
[Info   :   BepInEx] Supports SRE: True
[Info   :   BepInEx] System platform: Bits64, Windows
[Message:   BepInEx] Preloader started
[Info   :   BepInEx] Loaded 1 patcher method from [BepInEx.Preloader 5.4.22.0]
[Info   :   BepInEx] 1 patcher plugin loaded
[Info   :   BepInEx] Patching [UnityEngine.CoreModule] with [BepInEx.Chainloader]
[Message:   BepInEx] Preloader finished
[Message:   BepInEx] Chainloader ready
[Message:   BepInEx] Chainloader started
[Info   :   BepInEx] 4 plugins to load
[Info   :   BepInEx] Loading [BiggerLobby 2.4.0]
[Info   :BiggerLobby] BiggerLobby loaded
[Info   :   BepInEx] Loading [BrutalCompanyPlus 3.2.0]
[Warning:BrutalCompanyPlus] Loaded Brutal Company Plus and applying patches.
[Info   :   BepInEx] Loading [LC_API 2.1.1]
[Warning:    LC_API] 
.____    _________           _____  __________ .___  
|    |   \_   ___ \         /  _  \ \______   \|   | 
|    |   /    \  \/        /  /_\  \ |     ___/|   | 
|    |___\     \____      /    |    \|    |    |   | 
|_______ \\______  /______\____|__  /|____|    |___| 
        \/       \//_____/        \/                 
                                                     
[Info   :    LC_API] LC_API Starting up..
[Info   :   BepInEx] Loading [FixCentipedeLag 2023.12.4]
[Warning:FixCentipedeLag] Registered the patch method.
[Warning:FixCentipedeLag] Deactivating UnityLog
[Message:   BepInEx] Chainloader startup complete
[Message:    LC_API] A plugin has set your game to only allow you to play with other people who have mods!
[Info   :BrutalCompanyPlus] Attempting to Initialize BrutalPlus
[Warning:BrutalCompanyPlus] Brutal Plus is Awake
[Message:    LC_API] BundleAPI will now load all asset bundles...
[Message:    LC_API] BundleAPI got no assets to load from legacy directory
[Message:    LC_API] BundleAPI got no assets to load from plugins folder
[Message:    LC_API] BundleAPI finished loading all assets.
[Message:    LC_API] BundleAPI finished loading all assets.
[Info   :    LC_API] LC_API Started!
[Message:    LC_API] server pre-setup success
[Warning:BrutalCompanyPlus] Modifying the Starting Quota Values based on Config
[Warning:    LC_API] Asking all other players for their mod list..
